<?xml version="1.0" encoding="UTF-8"?>
<!-- Generated by org.testng.reporters.JUnitReportReporter -->
<testsuite hostname="DESKTOP-QUVONFL" failures="0" tests="4" name="testCases.TC_003_LoginDDT" time="39.137" errors="0" timestamp="2022-03-31T19:20:13 EDT" skipped="0">
  <testcase classname="testCases.TC_003_LoginDDT" name="TC_003_testLoginDDT" time="3.862"/>
  <system-out/>
  <testcase classname="testCases.TC_003_LoginDDT" name="TC_003_testLoginDDT" time="11.707"/>
  <system-out/>
  <testcase classname="testCases.TC_003_LoginDDT" name="TC_003_testLoginDDT" time="11.819"/>
  <system-out/>
  <testcase classname="testCases.TC_003_LoginDDT" name="TC_003_testLoginDDT" time="11.749"/>
  <system-out/>
</testsuite> <!-- testCases.TC_003_LoginDDT -->
