<?xml version="1.0" encoding="UTF-8"?>
<!-- Generated by org.testng.reporters.JUnitReportReporter -->
<testsuite skipped="0" hostname="DESKTOP-QUVONFL" name="testCases.TC_SF_001_SearchExistingProductName" tests="1" failures="0" timestamp="2022-04-03T21:07:59 EDT" time="2.964" errors="0">
  <testcase name="testSearchExistingProductName" time="2.964" classname="testCases.TC_SF_001_SearchExistingProductName"/>
  <system-out/>
</testsuite> <!-- testCases.TC_SF_001_SearchExistingProductName -->
