<?xml version="1.0" encoding="UTF-8"?>
<!-- Generated by org.testng.reporters.JUnitReportReporter -->
<testsuite skipped="0" hostname="DESKTOP-QUVONFL" name="testCases.TC_002_LoginTest" tests="1" failures="0" timestamp="2022-04-03T21:02:31 EDT" time="3.528" errors="0">
  <testcase name="TC_002_testLogin" time="3.528" classname="testCases.TC_002_LoginTest"/>
  <system-out/>
</testsuite> <!-- testCases.TC_002_LoginTest -->
