<?xml version="1.0" encoding="UTF-8"?>
<!-- Generated by org.testng.reporters.JUnitReportReporter -->
<testsuite skipped="0" hostname="DESKTOP-QUVONFL" name="testCases.TC_001_AccountRegistration" tests="1" failures="0" timestamp="2022-04-03T21:02:31 EDT" time="4.552" errors="0">
  <testcase name="test_Account_Registration" time="4.552" classname="testCases.TC_001_AccountRegistration"/>
  <system-out/>
</testsuite> <!-- testCases.TC_001_AccountRegistration -->
